Analysis & Synthesis report for MikroP
Tue Dec 10 17:48:27 2019
Quartus II 64-Bit Version 13.0.0 Build 156 04/24/2013 SJ Web Edition


---------------------
; Table of Contents ;
---------------------
  1. Legal Notice
  2. Analysis & Synthesis Summary
  3. Analysis & Synthesis Settings
  4. Parallel Compilation
  5. Analysis & Synthesis Source Files Read
  6. Analysis & Synthesis Resource Usage Summary
  7. Analysis & Synthesis Resource Utilization by Entity
  8. Analysis & Synthesis RAM Summary
  9. Registers Removed During Synthesis
 10. General Register Statistics
 11. Registers Packed Into Inferred Megafunctions
 12. Multiplexer Restructuring Statistics (Restructuring Performed)
 13. Source assignments for rom:rom_final|altsyncram:Mux14_rtl_0|altsyncram_mav:auto_generated
 14. Parameter Settings for Inferred Entity Instance: rom:rom_final|altsyncram:Mux14_rtl_0
 15. Parameter Settings for Inferred Entity Instance: lpm_add_sub:Add1
 16. altsyncram Parameter Settings by Entity Instance
 17. Port Connectivity Checks: "ramDisp:RAMeDISP|char_7seg:H1"
 18. Port Connectivity Checks: "ramDisp:RAMeDISP"
 19. Port Connectivity Checks: "sr:sr_final"
 20. Elapsed Time Per Partition
 21. Analysis & Synthesis Messages



----------------
; Legal Notice ;
----------------
Copyright (C) 1991-2013 Altera Corporation
Your use of Altera Corporation's design tools, logic functions 
and other software and tools, and its AMPP partner logic 
functions, and any output files from any of the foregoing 
(including device programming or simulation files), and any 
associated documentation or information are expressly subject 
to the terms and conditions of the Altera Program License 
Subscription Agreement, Altera MegaCore Function License 
Agreement, or other applicable license agreement, including, 
without limitation, that your use is for the sole purpose of 
programming logic devices manufactured by Altera and sold by 
Altera or its authorized distributors.  Please refer to the 
applicable agreement for further details.



+---------------------------------------------------------------------------------+
; Analysis & Synthesis Summary                                                    ;
+------------------------------------+--------------------------------------------+
; Analysis & Synthesis Status        ; Successful - Tue Dec 10 17:48:27 2019      ;
; Quartus II 64-Bit Version          ; 13.0.0 Build 156 04/24/2013 SJ Web Edition ;
; Revision Name                      ; MikroP                                     ;
; Top-level Entity Name              ; MikroP                                     ;
; Family                             ; Cyclone II                                 ;
; Total logic elements               ; 2,623                                      ;
;     Total combinational functions  ; 1,352                                      ;
;     Dedicated logic registers      ; 1,324                                      ;
; Total registers                    ; 1324                                       ;
; Total pins                         ; 36                                         ;
; Total virtual pins                 ; 0                                          ;
; Total memory bits                  ; 3,584                                      ;
; Embedded Multiplier 9-bit elements ; 0                                          ;
; Total PLLs                         ; 0                                          ;
+------------------------------------+--------------------------------------------+


+----------------------------------------------------------------------------------------------------------------------+
; Analysis & Synthesis Settings                                                                                        ;
+----------------------------------------------------------------------------+--------------------+--------------------+
; Option                                                                     ; Setting            ; Default Value      ;
+----------------------------------------------------------------------------+--------------------+--------------------+
; Device                                                                     ; EP2C20F484C7       ;                    ;
; Top-level entity name                                                      ; MikroP             ; MikroP             ;
; Family name                                                                ; Cyclone II         ; Cyclone IV GX      ;
; Type of Retiming Performed During Resynthesis                              ; Full               ;                    ;
; Resynthesis Optimization Effort                                            ; Normal             ;                    ;
; Physical Synthesis Level for Resynthesis                                   ; Normal             ;                    ;
; Use Generated Physical Constraints File                                    ; On                 ;                    ;
; Use smart compilation                                                      ; Off                ; Off                ;
; Enable parallel Assembler and TimeQuest Timing Analyzer during compilation ; On                 ; On                 ;
; Enable compact report table                                                ; Off                ; Off                ;
; Restructure Multiplexers                                                   ; Auto               ; Auto               ;
; Create Debugging Nodes for IP Cores                                        ; Off                ; Off                ;
; Preserve fewer node names                                                  ; On                 ; On                 ;
; Disable OpenCore Plus hardware evaluation                                  ; Off                ; Off                ;
; Verilog Version                                                            ; Verilog_2001       ; Verilog_2001       ;
; VHDL Version                                                               ; VHDL_1993          ; VHDL_1993          ;
; State Machine Processing                                                   ; Auto               ; Auto               ;
; Safe State Machine                                                         ; Off                ; Off                ;
; Extract Verilog State Machines                                             ; On                 ; On                 ;
; Extract VHDL State Machines                                                ; On                 ; On                 ;
; Ignore Verilog initial constructs                                          ; Off                ; Off                ;
; Iteration limit for constant Verilog loops                                 ; 5000               ; 5000               ;
; Iteration limit for non-constant Verilog loops                             ; 250                ; 250                ;
; Add Pass-Through Logic to Inferred RAMs                                    ; On                 ; On                 ;
; Infer RAMs from Raw Logic                                                  ; On                 ; On                 ;
; Parallel Synthesis                                                         ; On                 ; On                 ;
; DSP Block Balancing                                                        ; Auto               ; Auto               ;
; NOT Gate Push-Back                                                         ; On                 ; On                 ;
; Power-Up Don't Care                                                        ; On                 ; On                 ;
; Remove Redundant Logic Cells                                               ; Off                ; Off                ;
; Remove Duplicate Registers                                                 ; On                 ; On                 ;
; Ignore CARRY Buffers                                                       ; Off                ; Off                ;
; Ignore CASCADE Buffers                                                     ; Off                ; Off                ;
; Ignore GLOBAL Buffers                                                      ; Off                ; Off                ;
; Ignore ROW GLOBAL Buffers                                                  ; Off                ; Off                ;
; Ignore LCELL Buffers                                                       ; Off                ; Off                ;
; Ignore SOFT Buffers                                                        ; On                 ; On                 ;
; Limit AHDL Integers to 32 Bits                                             ; Off                ; Off                ;
; Optimization Technique                                                     ; Balanced           ; Balanced           ;
; Carry Chain Length                                                         ; 70                 ; 70                 ;
; Auto Carry Chains                                                          ; On                 ; On                 ;
; Auto Open-Drain Pins                                                       ; On                 ; On                 ;
; Perform WYSIWYG Primitive Resynthesis                                      ; Off                ; Off                ;
; Auto ROM Replacement                                                       ; On                 ; On                 ;
; Auto RAM Replacement                                                       ; On                 ; On                 ;
; Auto Shift Register Replacement                                            ; Auto               ; Auto               ;
; Allow Shift Register Merging across Hierarchies                            ; Auto               ; Auto               ;
; Auto Clock Enable Replacement                                              ; On                 ; On                 ;
; Strict RAM Replacement                                                     ; Off                ; Off                ;
; Allow Synchronous Control Signals                                          ; On                 ; On                 ;
; Force Use of Synchronous Clear Signals                                     ; Off                ; Off                ;
; Auto RAM to Logic Cell Conversion                                          ; Off                ; Off                ;
; Auto Resource Sharing                                                      ; Off                ; Off                ;
; Allow Any RAM Size For Recognition                                         ; Off                ; Off                ;
; Allow Any ROM Size For Recognition                                         ; Off                ; Off                ;
; Allow Any Shift Register Size For Recognition                              ; Off                ; Off                ;
; Use LogicLock Constraints during Resource Balancing                        ; On                 ; On                 ;
; Ignore translate_off and synthesis_off directives                          ; Off                ; Off                ;
; Timing-Driven Synthesis                                                    ; Off                ; Off                ;
; Report Parameter Settings                                                  ; On                 ; On                 ;
; Report Source Assignments                                                  ; On                 ; On                 ;
; Report Connectivity Checks                                                 ; On                 ; On                 ;
; Ignore Maximum Fan-Out Assignments                                         ; Off                ; Off                ;
; Synchronization Register Chain Length                                      ; 2                  ; 2                  ;
; PowerPlay Power Optimization                                               ; Normal compilation ; Normal compilation ;
; HDL message level                                                          ; Level2             ; Level2             ;
; Suppress Register Optimization Related Messages                            ; Off                ; Off                ;
; Number of Removed Registers Reported in Synthesis Report                   ; 5000               ; 5000               ;
; Number of Swept Nodes Reported in Synthesis Report                         ; 5000               ; 5000               ;
; Number of Inverted Registers Reported in Synthesis Report                  ; 100                ; 100                ;
; Clock MUX Protection                                                       ; On                 ; On                 ;
; Auto Gated Clock Conversion                                                ; Off                ; Off                ;
; Block Design Naming                                                        ; Auto               ; Auto               ;
; SDC constraint protection                                                  ; Off                ; Off                ;
; Synthesis Effort                                                           ; Auto               ; Auto               ;
; Shift Register Replacement - Allow Asynchronous Clear Signal               ; On                 ; On                 ;
; Pre-Mapping Resynthesis Optimization                                       ; Off                ; Off                ;
; Analysis & Synthesis Message Level                                         ; Medium             ; Medium             ;
; Disable Register Merging Across Hierarchies                                ; Auto               ; Auto               ;
; Resource Aware Inference For Block RAM                                     ; On                 ; On                 ;
; Synthesis Seed                                                             ; 1                  ; 1                  ;
+----------------------------------------------------------------------------+--------------------+--------------------+


Parallel compilation was disabled, but you have multiple processors available. Enable parallel compilation to reduce compilation time.
+-------------------------------------+
; Parallel Compilation                ;
+----------------------------+--------+
; Processors                 ; Number ;
+----------------------------+--------+
; Number detected on machine ; 8      ;
; Maximum allowed            ; 1      ;
+----------------------------+--------+


+--------------------------------------------------------------------------------------------------------------------------------------------------------------------------------------------------------+
; Analysis & Synthesis Source Files Read                                                                                                                                                                 ;
+------------------------------------------------------------+-----------------+------------------------------+--------------------------------------------------------------------------------+---------+
; File Name with User-Entered Path                           ; Used in Netlist ; File Type                    ; File Name with Absolute Path                                                   ; Library ;
+------------------------------------------------------------+-----------------+------------------------------+--------------------------------------------------------------------------------+---------+
; ../Eq02 - Prime FPGA/Eq02 - Prime/Eq02-ULA.vhd             ; yes             ; User VHDL File               ; C:/Users/Daeln/Desktop/Eq02 - Prime FPGA/Eq02 - Prime/Eq02-ULA.vhd             ;         ;
; ../Eq02 - Prime FPGA/Eq02 - Prime/Eq02-sr.vhd              ; yes             ; User VHDL File               ; C:/Users/Daeln/Desktop/Eq02 - Prime FPGA/Eq02 - Prime/Eq02-sr.vhd              ;         ;
; ../Eq02 - Prime FPGA/Eq02 - Prime/Eq02-Rom.vhd             ; yes             ; User VHDL File               ; C:/Users/Daeln/Desktop/Eq02 - Prime FPGA/Eq02 - Prime/Eq02-Rom.vhd             ;         ;
; ../Eq02 - Prime FPGA/Eq02 - Prime/Eq02-RegFile.vhd         ; yes             ; User VHDL File               ; C:/Users/Daeln/Desktop/Eq02 - Prime FPGA/Eq02 - Prime/Eq02-RegFile.vhd         ;         ;
; ../Eq02 - Prime FPGA/Eq02 - Prime/Eq02-Reg8bits.vhd        ; yes             ; User VHDL File               ; C:/Users/Daeln/Desktop/Eq02 - Prime FPGA/Eq02 - Prime/Eq02-Reg8bits.vhd        ;         ;
; ../Eq02 - Prime FPGA/Eq02 - Prime/Eq02-pc.vhd              ; yes             ; User VHDL File               ; C:/Users/Daeln/Desktop/Eq02 - Prime FPGA/Eq02 - Prime/Eq02-pc.vhd              ;         ;
; ../Eq02 - Prime FPGA/Eq02 - Prime/Eq02-Maquina_Estados.vhd ; yes             ; User VHDL File               ; C:/Users/Daeln/Desktop/Eq02 - Prime FPGA/Eq02 - Prime/Eq02-Maquina_Estados.vhd ;         ;
; ../Eq02 - Prime FPGA/Eq02 - Prime/Eq02-Control_Unit.vhd    ; yes             ; User VHDL File               ; C:/Users/Daeln/Desktop/Eq02 - Prime FPGA/Eq02 - Prime/Eq02-Control_Unit.vhd    ;         ;
; Hex.vhd                                                    ; yes             ; User VHDL File               ; C:/Users/Daeln/Desktop/MikroP-Ex-rev3/Hex.vhd                                  ;         ;
; MikroP.vhd                                                 ; yes             ; User VHDL File               ; C:/Users/Daeln/Desktop/MikroP-Ex-rev3/MikroP.vhd                               ;         ;
; RAMDisp.vhd                                                ; yes             ; User VHDL File               ; C:/Users/Daeln/Desktop/MikroP-Ex-rev3/RAMDisp.vhd                              ;         ;
; altsyncram.tdf                                             ; yes             ; Megafunction                 ; c:/altera/13.0/quartus/libraries/megafunctions/altsyncram.tdf                  ;         ;
; stratix_ram_block.inc                                      ; yes             ; Megafunction                 ; c:/altera/13.0/quartus/libraries/megafunctions/stratix_ram_block.inc           ;         ;
; lpm_mux.inc                                                ; yes             ; Megafunction                 ; c:/altera/13.0/quartus/libraries/megafunctions/lpm_mux.inc                     ;         ;
; lpm_decode.inc                                             ; yes             ; Megafunction                 ; c:/altera/13.0/quartus/libraries/megafunctions/lpm_decode.inc                  ;         ;
; aglobal130.inc                                             ; yes             ; Megafunction                 ; c:/altera/13.0/quartus/libraries/megafunctions/aglobal130.inc                  ;         ;
; a_rdenreg.inc                                              ; yes             ; Megafunction                 ; c:/altera/13.0/quartus/libraries/megafunctions/a_rdenreg.inc                   ;         ;
; altrom.inc                                                 ; yes             ; Megafunction                 ; c:/altera/13.0/quartus/libraries/megafunctions/altrom.inc                      ;         ;
; altram.inc                                                 ; yes             ; Megafunction                 ; c:/altera/13.0/quartus/libraries/megafunctions/altram.inc                      ;         ;
; altdpram.inc                                               ; yes             ; Megafunction                 ; c:/altera/13.0/quartus/libraries/megafunctions/altdpram.inc                    ;         ;
; db/altsyncram_mav.tdf                                      ; yes             ; Auto-Generated Megafunction  ; C:/Users/Daeln/Desktop/MikroP-Ex-rev3/db/altsyncram_mav.tdf                    ;         ;
; lpm_add_sub.tdf                                            ; yes             ; Megafunction                 ; c:/altera/13.0/quartus/libraries/megafunctions/lpm_add_sub.tdf                 ;         ;
; addcore.inc                                                ; yes             ; Megafunction                 ; c:/altera/13.0/quartus/libraries/megafunctions/addcore.inc                     ;         ;
; look_add.inc                                               ; yes             ; Megafunction                 ; c:/altera/13.0/quartus/libraries/megafunctions/look_add.inc                    ;         ;
; bypassff.inc                                               ; yes             ; Megafunction                 ; c:/altera/13.0/quartus/libraries/megafunctions/bypassff.inc                    ;         ;
; altshift.inc                                               ; yes             ; Megafunction                 ; c:/altera/13.0/quartus/libraries/megafunctions/altshift.inc                    ;         ;
; alt_stratix_add_sub.inc                                    ; yes             ; Megafunction                 ; c:/altera/13.0/quartus/libraries/megafunctions/alt_stratix_add_sub.inc         ;         ;
; db/add_sub_qpi.tdf                                         ; yes             ; Auto-Generated Megafunction  ; C:/Users/Daeln/Desktop/MikroP-Ex-rev3/db/add_sub_qpi.tdf                       ;         ;
+------------------------------------------------------------+-----------------+------------------------------+--------------------------------------------------------------------------------+---------+


+------------------------------------------------------------------------+
; Analysis & Synthesis Resource Usage Summary                            ;
+---------------------------------------------+--------------------------+
; Resource                                    ; Usage                    ;
+---------------------------------------------+--------------------------+
; Estimated Total logic elements              ; 2,623                    ;
;                                             ;                          ;
; Total combinational functions               ; 1352                     ;
; Logic element usage by number of LUT inputs ;                          ;
;     -- 4 input functions                    ; 1135                     ;
;     -- 3 input functions                    ; 74                       ;
;     -- <=2 input functions                  ; 143                      ;
;                                             ;                          ;
; Logic elements by mode                      ;                          ;
;     -- normal mode                          ; 1275                     ;
;     -- arithmetic mode                      ; 77                       ;
;                                             ;                          ;
; Total registers                             ; 1324                     ;
;     -- Dedicated logic registers            ; 1324                     ;
;     -- I/O registers                        ; 0                        ;
;                                             ;                          ;
; I/O pins                                    ; 36                       ;
; Total memory bits                           ; 3584                     ;
; Embedded Multiplier 9-bit elements          ; 0                        ;
; Maximum fan-out node                        ; ramDisp:RAMeDISP|clk_div ;
; Maximum fan-out                             ; 1314                     ;
; Total fan-out                               ; 9524                     ;
; Average fan-out                             ; 3.49                     ;
+---------------------------------------------+--------------------------+


+--------------------------------------------------------------------------------------------------------------------------------------------------------------------------------------------------------------------------------------------------+
; Analysis & Synthesis Resource Utilization by Entity                                                                                                                                                                                              ;
+------------------------------------------+-------------------+--------------+-------------+--------------+---------+-----------+------+--------------+----------------------------------------------------------------------------+--------------+
; Compilation Hierarchy Node               ; LC Combinationals ; LC Registers ; Memory Bits ; DSP Elements ; DSP 9x9 ; DSP 18x18 ; Pins ; Virtual Pins ; Full Hierarchy Name                                                        ; Library Name ;
+------------------------------------------+-------------------+--------------+-------------+--------------+---------+-----------+------+--------------+----------------------------------------------------------------------------+--------------+
; |MikroP                                  ; 1352 (218)        ; 1324 (0)     ; 3584        ; 0            ; 0       ; 0         ; 36   ; 0            ; |MikroP                                                                    ;              ;
;    |Control_Unit:uc_final|               ; 24 (22)           ; 2 (0)        ; 0           ; 0            ; 0       ; 0         ; 0    ; 0            ; |MikroP|Control_Unit:uc_final                                              ;              ;
;       |Maquina_Estados:Maq_estados|      ; 2 (2)             ; 2 (2)        ; 0           ; 0            ; 0       ; 0         ; 0    ; 0            ; |MikroP|Control_Unit:uc_final|Maquina_Estados:Maq_estados                  ;              ;
;    |ULA:ula_final|                       ; 32 (32)           ; 0 (0)        ; 0           ; 0            ; 0       ; 0         ; 0    ; 0            ; |MikroP|ULA:ula_final                                                      ;              ;
;    |lpm_add_sub:Add1|                    ; 15 (0)            ; 0 (0)        ; 0           ; 0            ; 0       ; 0         ; 0    ; 0            ; |MikroP|lpm_add_sub:Add1                                                   ;              ;
;       |add_sub_qpi:auto_generated|       ; 15 (15)           ; 0 (0)        ; 0           ; 0            ; 0       ; 0         ; 0    ; 0            ; |MikroP|lpm_add_sub:Add1|add_sub_qpi:auto_generated                        ;              ;
;    |pc:pc_final|                         ; 10 (10)           ; 8 (8)        ; 0           ; 0            ; 0       ; 0         ; 0    ; 0            ; |MikroP|pc:pc_final                                                        ;              ;
;    |ramDisp:RAMeDISP|                    ; 920 (903)         ; 1055 (1055)  ; 0           ; 0            ; 0       ; 0         ; 0    ; 0            ; |MikroP|ramDisp:RAMeDISP                                                   ;              ;
;       |char_7seg:H0|                     ; 7 (7)             ; 0 (0)        ; 0           ; 0            ; 0       ; 0         ; 0    ; 0            ; |MikroP|ramDisp:RAMeDISP|char_7seg:H0                                      ;              ;
;       |char_7seg:H1|                     ; 10 (10)           ; 0 (0)        ; 0           ; 0            ; 0       ; 0         ; 0    ; 0            ; |MikroP|ramDisp:RAMeDISP|char_7seg:H1                                      ;              ;
;    |register_file:regfile_final|         ; 130 (130)         ; 256 (0)      ; 0           ; 0            ; 0       ; 0         ; 0    ; 0            ; |MikroP|register_file:regfile_final                                        ;              ;
;       |reg8bits:reg0|                    ; 0 (0)             ; 8 (8)        ; 0           ; 0            ; 0       ; 0         ; 0    ; 0            ; |MikroP|register_file:regfile_final|reg8bits:reg0                          ;              ;
;       |reg8bits:reg10|                   ; 0 (0)             ; 8 (8)        ; 0           ; 0            ; 0       ; 0         ; 0    ; 0            ; |MikroP|register_file:regfile_final|reg8bits:reg10                         ;              ;
;       |reg8bits:reg11|                   ; 0 (0)             ; 8 (8)        ; 0           ; 0            ; 0       ; 0         ; 0    ; 0            ; |MikroP|register_file:regfile_final|reg8bits:reg11                         ;              ;
;       |reg8bits:reg12|                   ; 0 (0)             ; 8 (8)        ; 0           ; 0            ; 0       ; 0         ; 0    ; 0            ; |MikroP|register_file:regfile_final|reg8bits:reg12                         ;              ;
;       |reg8bits:reg13|                   ; 0 (0)             ; 8 (8)        ; 0           ; 0            ; 0       ; 0         ; 0    ; 0            ; |MikroP|register_file:regfile_final|reg8bits:reg13                         ;              ;
;       |reg8bits:reg14|                   ; 0 (0)             ; 8 (8)        ; 0           ; 0            ; 0       ; 0         ; 0    ; 0            ; |MikroP|register_file:regfile_final|reg8bits:reg14                         ;              ;
;       |reg8bits:reg15|                   ; 0 (0)             ; 8 (8)        ; 0           ; 0            ; 0       ; 0         ; 0    ; 0            ; |MikroP|register_file:regfile_final|reg8bits:reg15                         ;              ;
;       |reg8bits:reg16|                   ; 0 (0)             ; 8 (8)        ; 0           ; 0            ; 0       ; 0         ; 0    ; 0            ; |MikroP|register_file:regfile_final|reg8bits:reg16                         ;              ;
;       |reg8bits:reg17|                   ; 0 (0)             ; 8 (8)        ; 0           ; 0            ; 0       ; 0         ; 0    ; 0            ; |MikroP|register_file:regfile_final|reg8bits:reg17                         ;              ;
;       |reg8bits:reg18|                   ; 0 (0)             ; 8 (8)        ; 0           ; 0            ; 0       ; 0         ; 0    ; 0            ; |MikroP|register_file:regfile_final|reg8bits:reg18                         ;              ;
;       |reg8bits:reg19|                   ; 0 (0)             ; 8 (8)        ; 0           ; 0            ; 0       ; 0         ; 0    ; 0            ; |MikroP|register_file:regfile_final|reg8bits:reg19                         ;              ;
;       |reg8bits:reg1|                    ; 0 (0)             ; 8 (8)        ; 0           ; 0            ; 0       ; 0         ; 0    ; 0            ; |MikroP|register_file:regfile_final|reg8bits:reg1                          ;              ;
;       |reg8bits:reg20|                   ; 0 (0)             ; 8 (8)        ; 0           ; 0            ; 0       ; 0         ; 0    ; 0            ; |MikroP|register_file:regfile_final|reg8bits:reg20                         ;              ;
;       |reg8bits:reg21|                   ; 0 (0)             ; 8 (8)        ; 0           ; 0            ; 0       ; 0         ; 0    ; 0            ; |MikroP|register_file:regfile_final|reg8bits:reg21                         ;              ;
;       |reg8bits:reg22|                   ; 0 (0)             ; 8 (8)        ; 0           ; 0            ; 0       ; 0         ; 0    ; 0            ; |MikroP|register_file:regfile_final|reg8bits:reg22                         ;              ;
;       |reg8bits:reg23|                   ; 0 (0)             ; 8 (8)        ; 0           ; 0            ; 0       ; 0         ; 0    ; 0            ; |MikroP|register_file:regfile_final|reg8bits:reg23                         ;              ;
;       |reg8bits:reg24|                   ; 0 (0)             ; 8 (8)        ; 0           ; 0            ; 0       ; 0         ; 0    ; 0            ; |MikroP|register_file:regfile_final|reg8bits:reg24                         ;              ;
;       |reg8bits:reg25|                   ; 0 (0)             ; 8 (8)        ; 0           ; 0            ; 0       ; 0         ; 0    ; 0            ; |MikroP|register_file:regfile_final|reg8bits:reg25                         ;              ;
;       |reg8bits:reg26|                   ; 0 (0)             ; 8 (8)        ; 0           ; 0            ; 0       ; 0         ; 0    ; 0            ; |MikroP|register_file:regfile_final|reg8bits:reg26                         ;              ;
;       |reg8bits:reg27|                   ; 0 (0)             ; 8 (8)        ; 0           ; 0            ; 0       ; 0         ; 0    ; 0            ; |MikroP|register_file:regfile_final|reg8bits:reg27                         ;              ;
;       |reg8bits:reg28|                   ; 0 (0)             ; 8 (8)        ; 0           ; 0            ; 0       ; 0         ; 0    ; 0            ; |MikroP|register_file:regfile_final|reg8bits:reg28                         ;              ;
;       |reg8bits:reg29|                   ; 0 (0)             ; 8 (8)        ; 0           ; 0            ; 0       ; 0         ; 0    ; 0            ; |MikroP|register_file:regfile_final|reg8bits:reg29                         ;              ;
;       |reg8bits:reg2|                    ; 0 (0)             ; 8 (8)        ; 0           ; 0            ; 0       ; 0         ; 0    ; 0            ; |MikroP|register_file:regfile_final|reg8bits:reg2                          ;              ;
;       |reg8bits:reg30|                   ; 0 (0)             ; 8 (8)        ; 0           ; 0            ; 0       ; 0         ; 0    ; 0            ; |MikroP|register_file:regfile_final|reg8bits:reg30                         ;              ;
;       |reg8bits:reg31|                   ; 0 (0)             ; 8 (8)        ; 0           ; 0            ; 0       ; 0         ; 0    ; 0            ; |MikroP|register_file:regfile_final|reg8bits:reg31                         ;              ;
;       |reg8bits:reg3|                    ; 0 (0)             ; 8 (8)        ; 0           ; 0            ; 0       ; 0         ; 0    ; 0            ; |MikroP|register_file:regfile_final|reg8bits:reg3                          ;              ;
;       |reg8bits:reg4|                    ; 0 (0)             ; 8 (8)        ; 0           ; 0            ; 0       ; 0         ; 0    ; 0            ; |MikroP|register_file:regfile_final|reg8bits:reg4                          ;              ;
;       |reg8bits:reg5|                    ; 0 (0)             ; 8 (8)        ; 0           ; 0            ; 0       ; 0         ; 0    ; 0            ; |MikroP|register_file:regfile_final|reg8bits:reg5                          ;              ;
;       |reg8bits:reg6|                    ; 0 (0)             ; 8 (8)        ; 0           ; 0            ; 0       ; 0         ; 0    ; 0            ; |MikroP|register_file:regfile_final|reg8bits:reg6                          ;              ;
;       |reg8bits:reg7|                    ; 0 (0)             ; 8 (8)        ; 0           ; 0            ; 0       ; 0         ; 0    ; 0            ; |MikroP|register_file:regfile_final|reg8bits:reg7                          ;              ;
;       |reg8bits:reg8|                    ; 0 (0)             ; 8 (8)        ; 0           ; 0            ; 0       ; 0         ; 0    ; 0            ; |MikroP|register_file:regfile_final|reg8bits:reg8                          ;              ;
;       |reg8bits:reg9|                    ; 0 (0)             ; 8 (8)        ; 0           ; 0            ; 0       ; 0         ; 0    ; 0            ; |MikroP|register_file:regfile_final|reg8bits:reg9                          ;              ;
;    |rom:rom_final|                       ; 3 (3)             ; 1 (1)        ; 3584        ; 0            ; 0       ; 0         ; 0    ; 0            ; |MikroP|rom:rom_final                                                      ;              ;
;       |altsyncram:Mux14_rtl_0|           ; 0 (0)             ; 0 (0)        ; 3584        ; 0            ; 0       ; 0         ; 0    ; 0            ; |MikroP|rom:rom_final|altsyncram:Mux14_rtl_0                               ;              ;
;          |altsyncram_mav:auto_generated| ; 0 (0)             ; 0 (0)        ; 3584        ; 0            ; 0       ; 0         ; 0    ; 0            ; |MikroP|rom:rom_final|altsyncram:Mux14_rtl_0|altsyncram_mav:auto_generated ;              ;
;    |sr:sr_final|                         ; 0 (0)             ; 2 (2)        ; 0           ; 0            ; 0       ; 0         ; 0    ; 0            ; |MikroP|sr:sr_final                                                        ;              ;
+------------------------------------------+-------------------+--------------+-------------+--------------+---------+-----------+------+--------------+----------------------------------------------------------------------------+--------------+
Note: For table entries with two numbers listed, the numbers in parentheses indicate the number of resources of the given type used by the specific entity alone. The numbers listed outside of parentheses indicate the total resources of the given type used by the specific entity and all of its sub-entities in the hierarchy.


+-----------------------------------------------------------------------------------------------------------------------------------------------------------------------------------------+
; Analysis & Synthesis RAM Summary                                                                                                                                                        ;
+-------------------------------------------------------------------------------+------+------+--------------+--------------+--------------+--------------+------+------------------------+
; Name                                                                          ; Type ; Mode ; Port A Depth ; Port A Width ; Port B Depth ; Port B Width ; Size ; MIF                    ;
+-------------------------------------------------------------------------------+------+------+--------------+--------------+--------------+--------------+------+------------------------+
; rom:rom_final|altsyncram:Mux14_rtl_0|altsyncram_mav:auto_generated|ALTSYNCRAM ; AUTO ; ROM  ; 256          ; 14           ; --           ; --           ; 3584 ; MikroP.MikroP0.rtl.mif ;
+-------------------------------------------------------------------------------+------+------+--------------+--------------+--------------+--------------+------+------------------------+


+---------------------------------------------------------------------------+
; Registers Removed During Synthesis                                        ;
+---------------------------------------+-----------------------------------+
; Register name                         ; Reason for Removal                ;
+---------------------------------------+-----------------------------------+
; rom:rom_final|dado[9]                 ; Merged with rom:rom_final|dado[7] ;
; Total Number of Removed Registers = 1 ;                                   ;
+---------------------------------------+-----------------------------------+


+------------------------------------------------------+
; General Register Statistics                          ;
+----------------------------------------------+-------+
; Statistic                                    ; Value ;
+----------------------------------------------+-------+
; Total registers                              ; 1324  ;
; Number of registers using Synchronous Clear  ; 20    ;
; Number of registers using Synchronous Load   ; 28    ;
; Number of registers using Asynchronous Clear ; 292   ;
; Number of registers using Asynchronous Load  ; 0     ;
; Number of registers using Clock Enable       ; 1321  ;
; Number of registers using Preset             ; 0     ;
+----------------------------------------------+-------+


+----------------------------------------------------------------------+
; Registers Packed Into Inferred Megafunctions                         ;
+-----------------------------------+---------------------------+------+
; Register Name                     ; Megafunction              ; Type ;
+-----------------------------------+---------------------------+------+
; rom:rom_final|dado[0..6,8,10..15] ; rom:rom_final|Mux14_rtl_0 ; ROM  ;
+-----------------------------------+---------------------------+------+


+----------------------------------------------------------------------------------------------------------------------------------------------------------------------+
; Multiplexer Restructuring Statistics (Restructuring Performed)                                                                                                       ;
+--------------------+-----------+---------------+----------------------+------------------------+------------+--------------------------------------------------------+
; Multiplexer Inputs ; Bus Width ; Baseline Area ; Area if Restructured ; Saving if Restructured ; Registered ; Example Multiplexer Output                             ;
+--------------------+-----------+---------------+----------------------+------------------------+------------+--------------------------------------------------------+
; 3:1                ; 3 bits    ; 6 LEs         ; 3 LEs                ; 3 LEs                  ; Yes        ; |MikroP|ramDisp:RAMeDISP|contador[0]                   ;
; 3:1                ; 20 bits   ; 40 LEs        ; 40 LEs               ; 0 LEs                  ; Yes        ; |MikroP|ramDisp:RAMeDISP|contador[3]                   ;
; 4:1                ; 2 bits    ; 4 LEs         ; 2 LEs                ; 2 LEs                  ; Yes        ; |MikroP|sr:sr_final|registro[1]                        ;
; 33:1               ; 8 bits    ; 176 LEs       ; 16 LEs               ; 160 LEs                ; Yes        ; |MikroP|pc:pc_final|registro[0]                        ;
; 9:1                ; 8 bits    ; 48 LEs        ; 24 LEs               ; 24 LEs                 ; No         ; |MikroP|regfile_wd3[0]                                 ;
; 16:1               ; 8 bits    ; 80 LEs        ; 80 LEs               ; 0 LEs                  ; No         ; |MikroP|register_file:regfile_final|rd1[0]             ;
; 5:1                ; 2 bits    ; 6 LEs         ; 4 LEs                ; 2 LEs                  ; No         ; |MikroP|ramDisp:RAMeDISP|char_7seg:H0|Display[5]       ;
; 6:1                ; 2 bits    ; 8 LEs         ; 8 LEs                ; 0 LEs                  ; No         ; |MikroP|Control_Unit:uc_final|controle_operacao_ula[2] ;
; 33:1               ; 3 bits    ; 66 LEs        ; 66 LEs               ; 0 LEs                  ; No         ; |MikroP|inB[7]                                         ;
; 33:1               ; 5 bits    ; 110 LEs       ; 110 LEs              ; 0 LEs                  ; No         ; |MikroP|inB[2]                                         ;
+--------------------+-----------+---------------+----------------------+------------------------+------------+--------------------------------------------------------+


+-------------------------------------------------------------------------------------------+
; Source assignments for rom:rom_final|altsyncram:Mux14_rtl_0|altsyncram_mav:auto_generated ;
+---------------------------------+--------------------+------+-----------------------------+
; Assignment                      ; Value              ; From ; To                          ;
+---------------------------------+--------------------+------+-----------------------------+
; OPTIMIZE_POWER_DURING_SYNTHESIS ; NORMAL_COMPILATION ; -    ; -                           ;
+---------------------------------+--------------------+------+-----------------------------+


+---------------------------------------------------------------------------------------+
; Parameter Settings for Inferred Entity Instance: rom:rom_final|altsyncram:Mux14_rtl_0 ;
+------------------------------------+------------------------+-------------------------+
; Parameter Name                     ; Value                  ; Type                    ;
+------------------------------------+------------------------+-------------------------+
; BYTE_SIZE_BLOCK                    ; 8                      ; Untyped                 ;
; AUTO_CARRY_CHAINS                  ; ON                     ; AUTO_CARRY              ;
; IGNORE_CARRY_BUFFERS               ; OFF                    ; IGNORE_CARRY            ;
; AUTO_CASCADE_CHAINS                ; ON                     ; AUTO_CASCADE            ;
; IGNORE_CASCADE_BUFFERS             ; OFF                    ; IGNORE_CASCADE          ;
; WIDTH_BYTEENA                      ; 1                      ; Untyped                 ;
; OPERATION_MODE                     ; ROM                    ; Untyped                 ;
; WIDTH_A                            ; 14                     ; Untyped                 ;
; WIDTHAD_A                          ; 8                      ; Untyped                 ;
; NUMWORDS_A                         ; 256                    ; Untyped                 ;
; OUTDATA_REG_A                      ; UNREGISTERED           ; Untyped                 ;
; ADDRESS_ACLR_A                     ; NONE                   ; Untyped                 ;
; OUTDATA_ACLR_A                     ; NONE                   ; Untyped                 ;
; WRCONTROL_ACLR_A                   ; NONE                   ; Untyped                 ;
; INDATA_ACLR_A                      ; NONE                   ; Untyped                 ;
; BYTEENA_ACLR_A                     ; NONE                   ; Untyped                 ;
; WIDTH_B                            ; 1                      ; Untyped                 ;
; WIDTHAD_B                          ; 1                      ; Untyped                 ;
; NUMWORDS_B                         ; 1                      ; Untyped                 ;
; INDATA_REG_B                       ; CLOCK1                 ; Untyped                 ;
; WRCONTROL_WRADDRESS_REG_B          ; CLOCK1                 ; Untyped                 ;
; RDCONTROL_REG_B                    ; CLOCK1                 ; Untyped                 ;
; ADDRESS_REG_B                      ; CLOCK1                 ; Untyped                 ;
; OUTDATA_REG_B                      ; UNREGISTERED           ; Untyped                 ;
; BYTEENA_REG_B                      ; CLOCK1                 ; Untyped                 ;
; INDATA_ACLR_B                      ; NONE                   ; Untyped                 ;
; WRCONTROL_ACLR_B                   ; NONE                   ; Untyped                 ;
; ADDRESS_ACLR_B                     ; NONE                   ; Untyped                 ;
; OUTDATA_ACLR_B                     ; NONE                   ; Untyped                 ;
; RDCONTROL_ACLR_B                   ; NONE                   ; Untyped                 ;
; BYTEENA_ACLR_B                     ; NONE                   ; Untyped                 ;
; WIDTH_BYTEENA_A                    ; 1                      ; Untyped                 ;
; WIDTH_BYTEENA_B                    ; 1                      ; Untyped                 ;
; RAM_BLOCK_TYPE                     ; AUTO                   ; Untyped                 ;
; BYTE_SIZE                          ; 8                      ; Untyped                 ;
; READ_DURING_WRITE_MODE_MIXED_PORTS ; DONT_CARE              ; Untyped                 ;
; READ_DURING_WRITE_MODE_PORT_A      ; NEW_DATA_NO_NBE_READ   ; Untyped                 ;
; READ_DURING_WRITE_MODE_PORT_B      ; NEW_DATA_NO_NBE_READ   ; Untyped                 ;
; INIT_FILE                          ; MikroP.MikroP0.rtl.mif ; Untyped                 ;
; INIT_FILE_LAYOUT                   ; PORT_A                 ; Untyped                 ;
; MAXIMUM_DEPTH                      ; 0                      ; Untyped                 ;
; CLOCK_ENABLE_INPUT_A               ; NORMAL                 ; Untyped                 ;
; CLOCK_ENABLE_INPUT_B               ; NORMAL                 ; Untyped                 ;
; CLOCK_ENABLE_OUTPUT_A              ; NORMAL                 ; Untyped                 ;
; CLOCK_ENABLE_OUTPUT_B              ; NORMAL                 ; Untyped                 ;
; CLOCK_ENABLE_CORE_A                ; USE_INPUT_CLKEN        ; Untyped                 ;
; CLOCK_ENABLE_CORE_B                ; USE_INPUT_CLKEN        ; Untyped                 ;
; ENABLE_ECC                         ; FALSE                  ; Untyped                 ;
; ECC_PIPELINE_STAGE_ENABLED         ; FALSE                  ; Untyped                 ;
; WIDTH_ECCSTATUS                    ; 3                      ; Untyped                 ;
; DEVICE_FAMILY                      ; Cyclone II             ; Untyped                 ;
; CBXI_PARAMETER                     ; altsyncram_mav         ; Untyped                 ;
+------------------------------------+------------------------+-------------------------+
Note: In order to hide this table in the UI and the text report file, please set the "Show Parameter Settings in Synthesis Report" option in "Analysis and Synthesis Settings -> More Settings" to "Off".


+-------------------------------------------------------------------+
; Parameter Settings for Inferred Entity Instance: lpm_add_sub:Add1 ;
+------------------------+-------------+----------------------------+
; Parameter Name         ; Value       ; Type                       ;
+------------------------+-------------+----------------------------+
; LPM_WIDTH              ; 8           ; Untyped                    ;
; LPM_REPRESENTATION     ; UNSIGNED    ; Untyped                    ;
; LPM_DIRECTION          ; DEFAULT     ; Untyped                    ;
; ONE_INPUT_IS_CONSTANT  ; NO          ; Untyped                    ;
; LPM_PIPELINE           ; 0           ; Untyped                    ;
; MAXIMIZE_SPEED         ; 5           ; Untyped                    ;
; REGISTERED_AT_END      ; 0           ; Untyped                    ;
; OPTIMIZE_FOR_SPEED     ; 5           ; Untyped                    ;
; USE_CS_BUFFERS         ; 1           ; Untyped                    ;
; CARRY_CHAIN            ; MANUAL      ; Untyped                    ;
; CARRY_CHAIN_LENGTH     ; 48          ; CARRY_CHAIN_LENGTH         ;
; DEVICE_FAMILY          ; Cyclone II  ; Untyped                    ;
; USE_WYS                ; OFF         ; Untyped                    ;
; STYLE                  ; FAST        ; Untyped                    ;
; CBXI_PARAMETER         ; add_sub_qpi ; Untyped                    ;
; AUTO_CARRY_CHAINS      ; ON          ; AUTO_CARRY                 ;
; IGNORE_CARRY_BUFFERS   ; OFF         ; IGNORE_CARRY               ;
; AUTO_CASCADE_CHAINS    ; ON          ; AUTO_CASCADE               ;
; IGNORE_CASCADE_BUFFERS ; OFF         ; IGNORE_CASCADE             ;
+------------------------+-------------+----------------------------+
Note: In order to hide this table in the UI and the text report file, please set the "Show Parameter Settings in Synthesis Report" option in "Analysis and Synthesis Settings -> More Settings" to "Off".


+----------------------------------------------------------------------------------+
; altsyncram Parameter Settings by Entity Instance                                 ;
+-------------------------------------------+--------------------------------------+
; Name                                      ; Value                                ;
+-------------------------------------------+--------------------------------------+
; Number of entity instances                ; 1                                    ;
; Entity Instance                           ; rom:rom_final|altsyncram:Mux14_rtl_0 ;
;     -- OPERATION_MODE                     ; ROM                                  ;
;     -- WIDTH_A                            ; 14                                   ;
;     -- NUMWORDS_A                         ; 256                                  ;
;     -- OUTDATA_REG_A                      ; UNREGISTERED                         ;
;     -- WIDTH_B                            ; 1                                    ;
;     -- NUMWORDS_B                         ; 1                                    ;
;     -- ADDRESS_REG_B                      ; CLOCK1                               ;
;     -- OUTDATA_REG_B                      ; UNREGISTERED                         ;
;     -- RAM_BLOCK_TYPE                     ; AUTO                                 ;
;     -- READ_DURING_WRITE_MODE_MIXED_PORTS ; DONT_CARE                            ;
+-------------------------------------------+--------------------------------------+


+-----------------------------------------------------------+
; Port Connectivity Checks: "ramDisp:RAMeDISP|char_7seg:H1" ;
+------+-------+----------+---------------------------------+
; Port ; Type  ; Severity ; Details                         ;
+------+-------+----------+---------------------------------+
; c[3] ; Input ; Info     ; Stuck at GND                    ;
+------+-------+----------+---------------------------------+


+---------------------------------------------------------------------------------------------------------------------------+
; Port Connectivity Checks: "ramDisp:RAMeDISP"                                                                              ;
+-----------------+--------+----------+-------------------------------------------------------------------------------------+
; Port            ; Type   ; Severity ; Details                                                                             ;
+-----------------+--------+----------+-------------------------------------------------------------------------------------+
; endereco[15..8] ; Input  ; Info     ; Stuck at GND                                                                        ;
; dado_in[15..8]  ; Input  ; Info     ; Stuck at GND                                                                        ;
; dado_out[15..8] ; Output ; Info     ; Connected to dangling logic. Logic that only feeds a dangling port will be removed. ;
+-----------------+--------+----------+-------------------------------------------------------------------------------------+


+--------------------------------------------------------------------------------------------------------------------------+
; Port Connectivity Checks: "sr:sr_final"                                                                                  ;
+----------------+--------+----------+-------------------------------------------------------------------------------------+
; Port           ; Type   ; Severity ; Details                                                                             ;
+----------------+--------+----------+-------------------------------------------------------------------------------------+
; data_out[7..3] ; Output ; Info     ; Connected to dangling logic. Logic that only feeds a dangling port will be removed. ;
; data_out[0]    ; Output ; Info     ; Connected to dangling logic. Logic that only feeds a dangling port will be removed. ;
+----------------+--------+----------+-------------------------------------------------------------------------------------+


+-------------------------------+
; Elapsed Time Per Partition    ;
+----------------+--------------+
; Partition Name ; Elapsed Time ;
+----------------+--------------+
; Top            ; 00:00:05     ;
+----------------+--------------+


+-------------------------------+
; Analysis & Synthesis Messages ;
+-------------------------------+
Info: *******************************************************************
Info: Running Quartus II 64-Bit Analysis & Synthesis
    Info: Version 13.0.0 Build 156 04/24/2013 SJ Web Edition
    Info: Processing started: Tue Dec 10 17:48:19 2019
Info: Command: quartus_map --read_settings_files=on --write_settings_files=off MikroP -c MikroP
Warning (20028): Parallel compilation is not licensed and has been disabled
Info (12021): Found 2 design units, including 1 entities, in source file /users/daeln/desktop/eq02 - prime fpga/eq02 - prime/eq02-ula.vhd
    Info (12022): Found design unit 1: ULA-a_ULA
    Info (12023): Found entity 1: ULA
Info (12021): Found 2 design units, including 1 entities, in source file /users/daeln/desktop/eq02 - prime fpga/eq02 - prime/eq02-sr.vhd
    Info (12022): Found design unit 1: sr-a_sr
    Info (12023): Found entity 1: sr
Info (12021): Found 2 design units, including 1 entities, in source file /users/daeln/desktop/eq02 - prime fpga/eq02 - prime/eq02-rom.vhd
    Info (12022): Found design unit 1: rom-a_rom
    Info (12023): Found entity 1: rom
Info (12021): Found 2 design units, including 1 entities, in source file /users/daeln/desktop/eq02 - prime fpga/eq02 - prime/eq02-regfile.vhd
    Info (12022): Found design unit 1: register_file-a_register_file
    Info (12023): Found entity 1: register_file
Info (12021): Found 2 design units, including 1 entities, in source file /users/daeln/desktop/eq02 - prime fpga/eq02 - prime/eq02-reg8bits.vhd
    Info (12022): Found design unit 1: reg8bits-a_reg8bits
    Info (12023): Found entity 1: reg8bits
Info (12021): Found 2 design units, including 1 entities, in source file /users/daeln/desktop/eq02 - prime fpga/eq02 - prime/eq02-pc.vhd
    Info (12022): Found design unit 1: pc-a_pc
    Info (12023): Found entity 1: pc
Info (12021): Found 2 design units, including 1 entities, in source file /users/daeln/desktop/eq02 - prime fpga/eq02 - prime/eq02-maquina_estados.vhd
    Info (12022): Found design unit 1: Maquina_Estados-a_Maquina_Estados
    Info (12023): Found entity 1: Maquina_Estados
Info (12021): Found 2 design units, including 1 entities, in source file /users/daeln/desktop/eq02 - prime fpga/eq02 - prime/eq02-control_unit.vhd
    Info (12022): Found design unit 1: Control_Unit-a_Control_Unit
    Info (12023): Found entity 1: Control_Unit
Info (12021): Found 2 design units, including 1 entities, in source file hex.vhd
    Info (12022): Found design unit 1: char_7seg-Behavior
    Info (12023): Found entity 1: char_7seg
Info (12021): Found 2 design units, including 1 entities, in source file mikrop.vhd
    Info (12022): Found design unit 1: MikroP-LogicFunction
    Info (12023): Found entity 1: MikroP
Info (12021): Found 2 design units, including 1 entities, in source file ramdisp.vhd
    Info (12022): Found design unit 1: ramDisp-a_ram
    Info (12023): Found entity 1: ramDisp
Info (12127): Elaborating entity "MikroP" for the top level hierarchy
Critical Warning (10920): VHDL Incomplete Partial Association warning at MikroP.vhd(230): port or argument "dado_out" has 8/16 unassociated elements
Info (12128): Elaborating entity "rom" for hierarchy "rom:rom_final"
Info (12128): Elaborating entity "Control_Unit" for hierarchy "Control_Unit:uc_final"
Info (12128): Elaborating entity "Maquina_Estados" for hierarchy "Control_Unit:uc_final|Maquina_Estados:Maq_estados"
Info (12128): Elaborating entity "pc" for hierarchy "pc:pc_final"
Info (12128): Elaborating entity "ULA" for hierarchy "ULA:ula_final"
Info (12128): Elaborating entity "register_file" for hierarchy "register_file:regfile_final"
Info (12128): Elaborating entity "reg8bits" for hierarchy "register_file:regfile_final|reg8bits:reg0"
Info (12128): Elaborating entity "sr" for hierarchy "sr:sr_final"
Info (12128): Elaborating entity "ramDisp" for hierarchy "ramDisp:RAMeDISP"
Info (12128): Elaborating entity "char_7seg" for hierarchy "ramDisp:RAMeDISP|char_7seg:H0"
Info (276014): Found 1 instances of uninferred RAM logic
    Info (276007): RAM logic "ramDisp:RAMeDISP|conteudo_ram" is uninferred due to asynchronous read logic
Info (19000): Inferred 1 megafunctions from design logic
    Info (276031): Inferred altsyncram megafunction from the following design logic: "rom:rom_final|Mux14_rtl_0"
        Info (286033): Parameter OPERATION_MODE set to ROM
        Info (286033): Parameter WIDTH_A set to 14
        Info (286033): Parameter WIDTHAD_A set to 8
        Info (286033): Parameter NUMWORDS_A set to 256
        Info (286033): Parameter OUTDATA_REG_A set to UNREGISTERED
        Info (286033): Parameter RAM_BLOCK_TYPE set to AUTO
        Info (286033): Parameter INIT_FILE set to MikroP.MikroP0.rtl.mif
Info (278001): Inferred 1 megafunctions from design logic
    Info (278002): Inferred adder/subtractor megafunction ("lpm_add_sub") from the following logic: "Add1"
Info (12130): Elaborated megafunction instantiation "rom:rom_final|altsyncram:Mux14_rtl_0"
Info (12133): Instantiated megafunction "rom:rom_final|altsyncram:Mux14_rtl_0" with the following parameter:
    Info (12134): Parameter "OPERATION_MODE" = "ROM"
    Info (12134): Parameter "WIDTH_A" = "14"
    Info (12134): Parameter "WIDTHAD_A" = "8"
    Info (12134): Parameter "NUMWORDS_A" = "256"
    Info (12134): Parameter "OUTDATA_REG_A" = "UNREGISTERED"
    Info (12134): Parameter "RAM_BLOCK_TYPE" = "AUTO"
    Info (12134): Parameter "INIT_FILE" = "MikroP.MikroP0.rtl.mif"
Info (12021): Found 1 design units, including 1 entities, in source file db/altsyncram_mav.tdf
    Info (12023): Found entity 1: altsyncram_mav
Info (12130): Elaborated megafunction instantiation "lpm_add_sub:Add1"
Info (12133): Instantiated megafunction "lpm_add_sub:Add1" with the following parameter:
    Info (12134): Parameter "LPM_WIDTH" = "8"
    Info (12134): Parameter "LPM_DIRECTION" = "DEFAULT"
    Info (12134): Parameter "LPM_REPRESENTATION" = "UNSIGNED"
    Info (12134): Parameter "ONE_INPUT_IS_CONSTANT" = "NO"
Info (12021): Found 1 design units, including 1 entities, in source file db/add_sub_qpi.tdf
    Info (12023): Found entity 1: add_sub_qpi
Warning (13024): Output pins are stuck at VCC or GND
    Warning (13410): Pin "HEX2_HW[0]" is stuck at VCC
    Warning (13410): Pin "HEX2_HW[1]" is stuck at VCC
    Warning (13410): Pin "HEX2_HW[2]" is stuck at VCC
    Warning (13410): Pin "HEX2_HW[3]" is stuck at VCC
    Warning (13410): Pin "HEX2_HW[4]" is stuck at VCC
    Warning (13410): Pin "HEX2_HW[5]" is stuck at VCC
    Warning (13410): Pin "HEX2_HW[6]" is stuck at VCC
    Warning (13410): Pin "HEX3_HW[0]" is stuck at VCC
    Warning (13410): Pin "HEX3_HW[1]" is stuck at VCC
    Warning (13410): Pin "HEX3_HW[2]" is stuck at VCC
    Warning (13410): Pin "HEX3_HW[3]" is stuck at VCC
    Warning (13410): Pin "HEX3_HW[4]" is stuck at VCC
    Warning (13410): Pin "HEX3_HW[5]" is stuck at VCC
    Warning (13410): Pin "HEX3_HW[6]" is stuck at VCC
Info (16010): Generating hard_block partition "hard_block:auto_generated_inst"
    Info (16011): Adding 0 node(s), including 0 DDIO, 0 PLL, 0 transceiver and 0 LCELL
Info (21057): Implemented 2698 device resources after synthesis - the final resource count might be different
    Info (21058): Implemented 4 input pins
    Info (21059): Implemented 32 output pins
    Info (21061): Implemented 2648 logic cells
    Info (21064): Implemented 14 RAM segments
Info: Quartus II 64-Bit Analysis & Synthesis was successful. 0 errors, 17 warnings
    Info: Peak virtual memory: 511 megabytes
    Info: Processing ended: Tue Dec 10 17:48:27 2019
    Info: Elapsed time: 00:00:08
    Info: Total CPU time (on all processors): 00:00:08


