Flow report for MikroP
Tue Dec 10 17:48:55 2019
Quartus II 64-Bit Version 13.0.0 Build 156 04/24/2013 SJ Web Edition


---------------------
; Table of Contents ;
---------------------
  1. Legal Notice
  2. Flow Summary
  3. Flow Settings
  4. Flow Non-Default Global Settings
  5. Flow Elapsed Time
  6. Flow OS Summary
  7. Flow Log
  8. Flow Messages
  9. Flow Suppressed Messages



----------------
; Legal Notice ;
----------------
Copyright (C) 1991-2013 Altera Corporation
Your use of Altera Corporation's design tools, logic functions 
and other software and tools, and its AMPP partner logic 
functions, and any output files from any of the foregoing 
(including device programming or simulation files), and any 
associated documentation or information are expressly subject 
to the terms and conditions of the Altera Program License 
Subscription Agreement, Altera MegaCore Function License 
Agreement, or other applicable license agreement, including, 
without limitation, that your use is for the sole purpose of 
programming logic devices manufactured by Altera and sold by 
Altera or its authorized distributors.  Please refer to the 
applicable agreement for further details.



+---------------------------------------------------------------------------------+
; Flow Summary                                                                    ;
+------------------------------------+--------------------------------------------+
; Flow Status                        ; Successful - Tue Dec 10 17:48:55 2019      ;
; Quartus II 64-Bit Version          ; 13.0.0 Build 156 04/24/2013 SJ Web Edition ;
; Revision Name                      ; MikroP                                     ;
; Top-level Entity Name              ; MikroP                                     ;
; Family                             ; Cyclone II                                 ;
; Device                             ; EP2C20F484C7                               ;
; Timing Models                      ; Final                                      ;
; Total logic elements               ; 2,001 / 18,752 ( 11 % )                    ;
;     Total combinational functions  ; 1,352 / 18,752 ( 7 % )                     ;
;     Dedicated logic registers      ; 1,324 / 18,752 ( 7 % )                     ;
; Total registers                    ; 1324                                       ;
; Total pins                         ; 36 / 315 ( 11 % )                          ;
; Total virtual pins                 ; 0                                          ;
; Total memory bits                  ; 3,584 / 239,616 ( 1 % )                    ;
; Embedded Multiplier 9-bit elements ; 0 / 52 ( 0 % )                             ;
; Total PLLs                         ; 0 / 4 ( 0 % )                              ;
+------------------------------------+--------------------------------------------+


+-----------------------------------------+
; Flow Settings                           ;
+-------------------+---------------------+
; Option            ; Setting             ;
+-------------------+---------------------+
; Start date & time ; 12/10/2019 17:48:20 ;
; Main task         ; Compilation         ;
; Revision Name     ; MikroP              ;
+-------------------+---------------------+


+-----------------------------------------------------------------------------------------------------------------------------------------------+
; Flow Non-Default Global Settings                                                                                                              ;
+-------------------------------------+---------------------------------------+---------------+-------------+-----------------------------------+
; Assignment Name                     ; Value                                 ; Default Value ; Entity Name ; Section Id                        ;
+-------------------------------------+---------------------------------------+---------------+-------------+-----------------------------------+
; COMPILER_SIGNATURE_ID               ; 220314648336697.157600729904120       ; --            ; --          ; --                                ;
; EDA_DESIGN_ENTRY_SYNTHESIS_TOOL     ; Design Compiler                       ; <None>        ; --          ; --                                ;
; EDA_INPUT_DATA_FORMAT               ; Edif                                  ; --            ; --          ; eda_design_synthesis              ;
; EDA_INPUT_VCC_NAME                  ; Vdd                                   ; --            ; --          ; eda_design_synthesis              ;
; EDA_LMF_FILE                        ; altsyn.lmf                            ; --            ; --          ; eda_design_synthesis              ;
; EDA_OUTPUT_DATA_FORMAT              ; Vhdl                                  ; --            ; --          ; eda_simulation                    ;
; EDA_OUTPUT_DATA_FORMAT              ; None                                  ; --            ; --          ; eda_board_design_timing           ;
; EDA_OUTPUT_DATA_FORMAT              ; None                                  ; --            ; --          ; eda_board_design_symbol           ;
; EDA_OUTPUT_DATA_FORMAT              ; None                                  ; --            ; --          ; eda_board_design_signal_integrity ;
; EDA_OUTPUT_DATA_FORMAT              ; None                                  ; --            ; --          ; eda_board_design_boundary_scan    ;
; EDA_SIMULATION_TOOL                 ; ModelSim-Altera (VHDL)                ; <None>        ; --          ; --                                ;
; MAX_CORE_JUNCTION_TEMP              ; 85                                    ; --            ; --          ; --                                ;
; MIN_CORE_JUNCTION_TEMP              ; 0                                     ; --            ; --          ; --                                ;
; PARTITION_COLOR                     ; 16764057                              ; --            ; --          ; Top                               ;
; PARTITION_FITTER_PRESERVATION_LEVEL ; PLACEMENT_AND_ROUTING                 ; --            ; --          ; Top                               ;
; PARTITION_NETLIST_TYPE              ; SOURCE                                ; --            ; --          ; Top                               ;
; POWER_BOARD_THERMAL_MODEL           ; None (CONSERVATIVE)                   ; --            ; --          ; --                                ;
; POWER_PRESET_COOLING_SOLUTION       ; 23 MM HEAT SINK WITH 200 LFPM AIRFLOW ; --            ; --          ; --                                ;
; PROJECT_OUTPUT_DIRECTORY            ; output_files                          ; --            ; --          ; --                                ;
+-------------------------------------+---------------------------------------+---------------+-------------+-----------------------------------+


+-------------------------------------------------------------------------------------------------------------------------------+
; Flow Elapsed Time                                                                                                             ;
+---------------------------+--------------+-------------------------+---------------------+------------------------------------+
; Module Name               ; Elapsed Time ; Average Processors Used ; Peak Virtual Memory ; Total CPU Time (on all processors) ;
+---------------------------+--------------+-------------------------+---------------------+------------------------------------+
; Analysis & Synthesis      ; 00:00:08     ; 1.0                     ; 504 MB              ; 00:00:07                           ;
; Fitter                    ; 00:00:18     ; 1.0                     ; 643 MB              ; 00:00:18                           ;
; Assembler                 ; 00:00:01     ; 1.0                     ; 414 MB              ; 00:00:01                           ;
; TimeQuest Timing Analyzer ; 00:00:02     ; 1.0                     ; 416 MB              ; 00:00:01                           ;
; EDA Netlist Writer        ; 00:00:02     ; 1.0                     ; 405 MB              ; 00:00:02                           ;
; Total                     ; 00:00:31     ; --                      ; --                  ; 00:00:29                           ;
+---------------------------+--------------+-------------------------+---------------------+------------------------------------+


+----------------------------------------------------------------------------------------+
; Flow OS Summary                                                                        ;
+---------------------------+------------------+-----------+------------+----------------+
; Module Name               ; Machine Hostname ; OS Name   ; OS Version ; Processor type ;
+---------------------------+------------------+-----------+------------+----------------+
; Analysis & Synthesis      ; Daeln-PC         ; Windows 7 ; 6.1        ; x86_64         ;
; Fitter                    ; Daeln-PC         ; Windows 7 ; 6.1        ; x86_64         ;
; Assembler                 ; Daeln-PC         ; Windows 7 ; 6.1        ; x86_64         ;
; TimeQuest Timing Analyzer ; Daeln-PC         ; Windows 7 ; 6.1        ; x86_64         ;
; EDA Netlist Writer        ; Daeln-PC         ; Windows 7 ; 6.1        ; x86_64         ;
+---------------------------+------------------+-----------+------------+----------------+


------------
; Flow Log ;
------------
quartus_map --read_settings_files=on --write_settings_files=off MikroP -c MikroP
quartus_fit --read_settings_files=off --write_settings_files=off MikroP -c MikroP
quartus_asm --read_settings_files=off --write_settings_files=off MikroP -c MikroP
quartus_sta MikroP -c MikroP
quartus_eda --read_settings_files=off --write_settings_files=off MikroP -c MikroP



